[2022-02-26T17:25:55.193Z] Validating found git in: git
[2022-02-26T17:25:55.285Z] Using git 2.25.1 from git
[2022-02-26T17:25:55.339Z] > git rev-parse --git-dir [14ms]
[2022-02-26T17:25:55.352Z] Open repository: /home/smileeveryday/Javascript
[2022-02-26T17:25:55.385Z] > git symbolic-ref --short HEAD [2ms]
[2022-02-26T17:25:55.398Z] > git for-each-ref --format=%(refname)%00%(upstream:short)%00%(objectname)%00%(upstream:track) refs/heads/main refs/remotes/main [3ms]
[2022-02-26T17:25:55.428Z] > git remote --verbose [7ms]
[2022-02-26T17:25:55.429Z] > git for-each-ref --sort -committerdate --format %(refname) %(objectname) %(*objectname) [20ms]
[2022-02-26T17:25:55.649Z] > git config --get commit.template [15ms]
[2022-02-26T17:26:01.180Z] > git symbolic-ref --short HEAD [85ms]
[2022-02-26T17:26:01.195Z] > git ls-files --stage -- /home/smileeveryday/Javascript/javascript-lanjutan/pertemuan2/index.html [17ms]
[2022-02-26T17:26:01.222Z] > git for-each-ref --format=%(refname)%00%(upstream:short)%00%(objectname)%00%(upstream:track) refs/heads/main refs/remotes/main [29ms]
[2022-02-26T17:26:01.280Z] > git for-each-ref --sort -committerdate --format %(refname) %(objectname) %(*objectname) [30ms]
[2022-02-26T17:26:01.282Z] > git remote --verbose [18ms]
[2022-02-26T17:26:01.319Z] > git config --get commit.template [2ms]
[2022-02-26T17:26:05.128Z] > git ls-files --stage -- /home/smileeveryday/Javascript/javascript-lanjutan/pertemuan2/main.js [13ms]
[2022-02-26T17:26:06.371Z] > git symbolic-ref --short HEAD [7ms]
[2022-02-26T17:26:06.408Z] > git for-each-ref --format=%(refname)%00%(upstream:short)%00%(objectname)%00%(upstream:track) refs/heads/main refs/remotes/main [1ms]
[2022-02-26T17:26:06.492Z] > git for-each-ref --sort -committerdate --format %(refname) %(objectname) %(*objectname) [35ms]
[2022-02-26T17:26:06.499Z] > git remote --verbose [8ms]
[2022-02-26T17:26:06.542Z] > git config --get commit.template [5ms]
[2022-02-26T17:26:07.422Z] > git ls-files --stage -- /home/smileeveryday/Javascript/javascript-lanjutan/pertemuan2/index.html [53ms]
[2022-02-26T17:26:34.266Z] > git symbolic-ref --short HEAD [3ms]
[2022-02-26T17:26:34.279Z] > git for-each-ref --format=%(refname)%00%(upstream:short)%00%(objectname)%00%(upstream:track) refs/heads/main refs/remotes/main [2ms]
[2022-02-26T17:26:34.305Z] > git for-each-ref --sort -committerdate --format %(refname) %(objectname) %(*objectname) [14ms]
[2022-02-26T17:26:34.306Z] > git remote --verbose [4ms]
[2022-02-26T17:26:34.346Z] > git config --get commit.template [2ms]
[2022-02-26T17:26:39.486Z] > git ls-files --stage -- /home/smileeveryday/Javascript/javascript-lanjutan/pertemuan2/main.js [3ms]
