[2022-02-28T06:42:32.083Z] Validating found git in: git
[2022-02-28T06:42:32.165Z] Using git 2.25.1 from git
[2022-02-28T06:42:32.249Z] > git rev-parse --git-dir [2ms]
[2022-02-28T06:42:32.262Z] Open repository: /home/smileeveryday/Javascript
[2022-02-28T06:42:32.306Z] > git symbolic-ref --short HEAD [2ms]
[2022-02-28T06:42:32.320Z] > git for-each-ref --format=%(refname)%00%(upstream:short)%00%(objectname)%00%(upstream:track) refs/heads/main refs/remotes/main [2ms]
[2022-02-28T06:42:32.358Z] > git remote --verbose [9ms]
[2022-02-28T06:42:32.360Z] > git for-each-ref --sort -committerdate --format %(refname) %(objectname) %(*objectname) [27ms]
[2022-02-28T06:42:32.725Z] > git config --get commit.template [5ms]
[2022-02-28T06:42:40.387Z] > git ls-files --stage -- /home/smileeveryday/Javascript/javascript-lanjutan/Backups/workspaces.json [72ms]
[2022-02-28T06:42:53.652Z] > git ls-files --stage -- /home/smileeveryday/Javascript/javascript-lanjutan/pertemuan2/index.html [118ms]
[2022-02-28T06:42:56.145Z] > git ls-files --stage -- /home/smileeveryday/Javascript/javascript-lanjutan/pertemuan2/main.js [8ms]
[2022-02-28T06:45:25.974Z] > git symbolic-ref --short HEAD [4ms]
[2022-02-28T06:45:25.994Z] > git for-each-ref --format=%(refname)%00%(upstream:short)%00%(objectname)%00%(upstream:track) refs/heads/main refs/remotes/main [2ms]
[2022-02-28T06:45:26.027Z] > git remote --verbose [4ms]
[2022-02-28T06:45:26.027Z] > git for-each-ref --sort -committerdate --format %(refname) %(objectname) %(*objectname) [18ms]
[2022-02-28T06:45:26.106Z] > git config --get commit.template [3ms]
[2022-02-28T06:45:28.961Z] > git log --format=%H%n%aN%n%aE%n%at%n%ct%n%P%n%B -z -n21 -- /home/smileeveryday/Javascript/javascript-lanjutan/pertemuan2/main.js [17ms]
[2022-02-28T06:45:31.265Z] > git ls-files --stage -- /home/smileeveryday/Javascript/javascript-lanjutan/pertemuan2/index.html [2ms]
[2022-02-28T06:46:06.685Z] > git ls-files --stage -- /home/smileeveryday/Javascript/javascript-lanjutan/pertemuan2/main.js [8ms]
[2022-02-28T06:47:02.722Z] > git symbolic-ref --short HEAD [3ms]
[2022-02-28T06:47:02.737Z] > git for-each-ref --format=%(refname)%00%(upstream:short)%00%(objectname)%00%(upstream:track) refs/heads/main refs/remotes/main [2ms]
[2022-02-28T06:47:02.765Z] > git for-each-ref --sort -committerdate --format %(refname) %(objectname) %(*objectname) [14ms]
[2022-02-28T06:47:02.766Z] > git remote --verbose [2ms]
[2022-02-28T06:47:02.807Z] > git config --get commit.template [1ms]
[2022-02-28T06:48:09.253Z] > git symbolic-ref --short HEAD [1ms]
[2022-02-28T06:48:09.266Z] > git for-each-ref --format=%(refname)%00%(upstream:short)%00%(objectname)%00%(upstream:track) refs/heads/main refs/remotes/main [2ms]
[2022-02-28T06:48:09.289Z] > git for-each-ref --sort -committerdate --format %(refname) %(objectname) %(*objectname) [11ms]
[2022-02-28T06:48:09.289Z] > git remote --verbose [3ms]
[2022-02-28T06:48:09.334Z] > git config --get commit.template [2ms]
[2022-02-28T06:48:42.202Z] > git symbolic-ref --short HEAD [2ms]
[2022-02-28T06:48:42.215Z] > git for-each-ref --format=%(refname)%00%(upstream:short)%00%(objectname)%00%(upstream:track) refs/heads/main refs/remotes/main [2ms]
[2022-02-28T06:48:42.237Z] > git for-each-ref --sort -committerdate --format %(refname) %(objectname) %(*objectname) [11ms]
[2022-02-28T06:48:42.239Z] > git remote --verbose [4ms]
[2022-02-28T06:48:42.286Z] > git config --get commit.template [3ms]
[2022-02-28T06:49:44.474Z] > git symbolic-ref --short HEAD [2ms]
[2022-02-28T06:49:44.491Z] > git for-each-ref --format=%(refname)%00%(upstream:short)%00%(objectname)%00%(upstream:track) refs/heads/main refs/remotes/main [4ms]
[2022-02-28T06:49:44.519Z] > git for-each-ref --sort -committerdate --format %(refname) %(objectname) %(*objectname) [14ms]
[2022-02-28T06:49:44.520Z] > git remote --verbose [4ms]
[2022-02-28T06:49:44.562Z] > git config --get commit.template [2ms]
[2022-02-28T07:09:33.631Z] > git symbolic-ref --short HEAD [3ms]
[2022-02-28T07:09:33.652Z] > git for-each-ref --format=%(refname)%00%(upstream:short)%00%(objectname)%00%(upstream:track) refs/heads/main refs/remotes/main [3ms]
[2022-02-28T07:09:33.686Z] > git for-each-ref --sort -committerdate --format %(refname) %(objectname) %(*objectname) [17ms]
[2022-02-28T07:09:33.687Z] > git remote --verbose [3ms]
[2022-02-28T07:09:33.737Z] > git config --get commit.template [2ms]
