[2022-02-26T16:26:37.969Z] Validating found git in: git
[2022-02-26T16:26:38.115Z] Using git 2.25.1 from git
[2022-02-26T16:26:38.176Z] > git rev-parse --git-dir [16ms]
[2022-02-26T16:26:38.187Z] Open repository: /home/smileeveryday/Javascript
[2022-02-26T16:26:38.246Z] > git symbolic-ref --short HEAD [4ms]
[2022-02-26T16:26:38.265Z] > git for-each-ref --format=%(refname)%00%(upstream:short)%00%(objectname)%00%(upstream:track) refs/heads/main refs/remotes/main [7ms]
[2022-02-26T16:26:38.305Z] > git remote --verbose [9ms]
[2022-02-26T16:26:38.306Z] > git for-each-ref --sort -committerdate --format %(refname) %(objectname) %(*objectname) [23ms]
[2022-02-26T16:26:38.335Z] > git config --get commit.template [4ms]
[2022-02-26T16:27:10.228Z] > git ls-files --stage -- /home/smileeveryday/Javascript/javascript-lanjutan/index.html [47ms]
[2022-02-26T16:27:10.270Z] > git symbolic-ref --short HEAD [2ms]
[2022-02-26T16:27:10.296Z] > git for-each-ref --format=%(refname)%00%(upstream:short)%00%(objectname)%00%(upstream:track) refs/heads/main refs/remotes/main [8ms]
[2022-02-26T16:27:10.330Z] > git for-each-ref --sort -committerdate --format %(refname) %(objectname) %(*objectname) [17ms]
[2022-02-26T16:27:10.332Z] > git remote --verbose [4ms]
[2022-02-26T16:27:10.380Z] > git config --get commit.template [3ms]
[2022-02-26T16:27:17.263Z] > git ls-files --stage -- /home/smileeveryday/Javascript/javascript-lanjutan/main.js [15ms]
[2022-02-26T16:27:17.690Z] > git symbolic-ref --short HEAD [8ms]
[2022-02-26T16:27:17.738Z] > git for-each-ref --format=%(refname)%00%(upstream:short)%00%(objectname)%00%(upstream:track) refs/heads/main refs/remotes/main [29ms]
[2022-02-26T16:27:17.809Z] > git remote --verbose [40ms]
[2022-02-26T16:27:17.809Z] > git for-each-ref --sort -committerdate --format %(refname) %(objectname) %(*objectname) [56ms]
[2022-02-26T16:27:17.910Z] > git config --get commit.template [23ms]
[2022-02-26T16:27:18.893Z] > git ls-files --stage -- /home/smileeveryday/Javascript/javascript-lanjutan/index.html [16ms]
[2022-02-26T16:27:37.508Z] > git symbolic-ref --short HEAD [2ms]
[2022-02-26T16:27:37.522Z] > git for-each-ref --format=%(refname)%00%(upstream:short)%00%(objectname)%00%(upstream:track) refs/heads/main refs/remotes/main [2ms]
[2022-02-26T16:27:37.546Z] > git for-each-ref --sort -committerdate --format %(refname) %(objectname) %(*objectname) [13ms]
[2022-02-26T16:27:37.547Z] > git remote --verbose [3ms]
[2022-02-26T16:27:37.586Z] > git config --get commit.template [3ms]
[2022-02-26T16:28:03.017Z] > git symbolic-ref --short HEAD [3ms]
[2022-02-26T16:28:03.030Z] > git for-each-ref --format=%(refname)%00%(upstream:short)%00%(objectname)%00%(upstream:track) refs/heads/main refs/remotes/main [3ms]
[2022-02-26T16:28:03.055Z] > git for-each-ref --sort -committerdate --format %(refname) %(objectname) %(*objectname) [14ms]
[2022-02-26T16:28:03.056Z] > git remote --verbose [3ms]
[2022-02-26T16:28:03.089Z] > git config --get commit.template [3ms]
[2022-02-26T16:28:03.994Z] > git ls-files --stage -- /home/smileeveryday/Javascript/javascript-lanjutan/main.js [3ms]
[2022-02-26T16:29:41.920Z] > git symbolic-ref --short HEAD [2ms]
[2022-02-26T16:29:41.948Z] > git for-each-ref --format=%(refname)%00%(upstream:short)%00%(objectname)%00%(upstream:track) refs/heads/main refs/remotes/main [6ms]
[2022-02-26T16:29:41.989Z] > git remote --verbose [6ms]
[2022-02-26T16:29:41.990Z] > git for-each-ref --sort -committerdate --format %(refname) %(objectname) %(*objectname) [17ms]
[2022-02-26T16:29:42.037Z] > git config --get commit.template [8ms]
[2022-02-26T16:29:47.100Z] > git symbolic-ref --short HEAD [4ms]
[2022-02-26T16:29:47.114Z] > git for-each-ref --format=%(refname)%00%(upstream:short)%00%(objectname)%00%(upstream:track) refs/heads/main refs/remotes/main [2ms]
[2022-02-26T16:29:47.148Z] > git for-each-ref --sort -committerdate --format %(refname) %(objectname) %(*objectname) [18ms]
[2022-02-26T16:29:47.152Z] > git remote --verbose [6ms]
[2022-02-26T16:29:47.188Z] > git config --get commit.template [2ms]
[2022-02-26T16:29:49.040Z] > git ls-files --stage -- /home/smileeveryday/Javascript/javascript-lanjutan/index.html [1ms]
[2022-02-26T16:32:26.210Z] > git ls-files --stage -- /home/smileeveryday/Javascript/javascript-lanjutan/main.js [4ms]
[2022-02-26T16:33:07.347Z] > git symbolic-ref --short HEAD [2ms]
[2022-02-26T16:33:07.364Z] > git for-each-ref --format=%(refname)%00%(upstream:short)%00%(objectname)%00%(upstream:track) refs/heads/main refs/remotes/main [1ms]
[2022-02-26T16:33:07.402Z] > git for-each-ref --sort -committerdate --format %(refname) %(objectname) %(*objectname) [19ms]
[2022-02-26T16:33:07.403Z] > git remote --verbose [6ms]
[2022-02-26T16:33:07.437Z] > git config --get commit.template [4ms]
[2022-02-26T16:37:53.042Z] > git symbolic-ref --short HEAD [2ms]
[2022-02-26T16:37:53.063Z] > git for-each-ref --format=%(refname)%00%(upstream:short)%00%(objectname)%00%(upstream:track) refs/heads/main refs/remotes/main [4ms]
[2022-02-26T16:37:53.090Z] > git for-each-ref --sort -committerdate --format %(refname) %(objectname) %(*objectname) [14ms]
[2022-02-26T16:37:53.091Z] > git remote --verbose [3ms]
[2022-02-26T16:37:53.129Z] > git config --get commit.template [2ms]
[2022-02-26T16:39:15.795Z] > git symbolic-ref --short HEAD [4ms]
[2022-02-26T16:39:15.812Z] > git for-each-ref --format=%(refname)%00%(upstream:short)%00%(objectname)%00%(upstream:track) refs/heads/main refs/remotes/main [3ms]
[2022-02-26T16:39:15.843Z] > git for-each-ref --sort -committerdate --format %(refname) %(objectname) %(*objectname) [17ms]
[2022-02-26T16:39:15.844Z] > git remote --verbose [3ms]
[2022-02-26T16:39:15.879Z] > git config --get commit.template [2ms]
[2022-02-26T16:41:54.602Z] > git ls-files --stage -- /home/smileeveryday/Javascript/javascript-lanjutan/index.html [17ms]
[2022-02-26T16:41:55.007Z] > git ls-files --stage -- /home/smileeveryday/Javascript/javascript-lanjutan/main.js [3ms]
[2022-02-26T16:41:55.525Z] > git ls-files --stage -- /home/smileeveryday/Javascript/javascript-lanjutan/index.html [3ms]
[2022-02-26T16:41:56.233Z] > git ls-files --stage -- /home/smileeveryday/Javascript/javascript-lanjutan/main.js [4ms]
[2022-02-26T16:41:56.803Z] > git ls-files --stage -- /home/smileeveryday/Javascript/javascript-lanjutan/index.html [2ms]
[2022-02-26T16:42:31.218Z] > git ls-files --stage -- /home/smileeveryday/Javascript/javascript-lanjutan/main.js [4ms]
[2022-02-26T16:42:44.726Z] > git symbolic-ref --short HEAD [3ms]
[2022-02-26T16:42:44.742Z] > git for-each-ref --format=%(refname)%00%(upstream:short)%00%(objectname)%00%(upstream:track) refs/heads/main refs/remotes/main [3ms]
[2022-02-26T16:42:44.773Z] > git for-each-ref --sort -committerdate --format %(refname) %(objectname) %(*objectname) [16ms]
[2022-02-26T16:42:44.774Z] > git remote --verbose [3ms]
[2022-02-26T16:42:44.805Z] > git config --get commit.template [6ms]
[2022-02-26T17:06:43.418Z] > git symbolic-ref --short HEAD [3ms]
[2022-02-26T17:06:43.433Z] > git for-each-ref --format=%(refname)%00%(upstream:short)%00%(objectname)%00%(upstream:track) refs/heads/main refs/remotes/main [3ms]
[2022-02-26T17:06:43.457Z] > git for-each-ref --sort -committerdate --format %(refname) %(objectname) %(*objectname) [13ms]
[2022-02-26T17:06:43.458Z] > git remote --verbose [2ms]
[2022-02-26T17:06:43.491Z] > git config --get commit.template [2ms]
[2022-02-26T17:08:56.051Z] > git symbolic-ref --short HEAD [3ms]
[2022-02-26T17:08:56.067Z] > git for-each-ref --format=%(refname)%00%(upstream:short)%00%(objectname)%00%(upstream:track) refs/heads/main refs/remotes/main [3ms]
[2022-02-26T17:08:56.099Z] > git for-each-ref --sort -committerdate --format %(refname) %(objectname) %(*objectname) [17ms]
[2022-02-26T17:08:56.101Z] > git remote --verbose [4ms]
[2022-02-26T17:08:56.136Z] > git config --get commit.template [2ms]
[2022-02-26T17:09:31.783Z] > git symbolic-ref --short HEAD [2ms]
[2022-02-26T17:09:31.797Z] > git for-each-ref --format=%(refname)%00%(upstream:short)%00%(objectname)%00%(upstream:track) refs/heads/main refs/remotes/main [2ms]
[2022-02-26T17:09:31.822Z] > git for-each-ref --sort -committerdate --format %(refname) %(objectname) %(*objectname) [12ms]
[2022-02-26T17:09:31.823Z] > git remote --verbose [3ms]
[2022-02-26T17:09:31.875Z] > git config --get commit.template [16ms]
[2022-02-26T17:09:36.932Z] > git symbolic-ref --short HEAD [2ms]
[2022-02-26T17:09:36.947Z] > git for-each-ref --format=%(refname)%00%(upstream:short)%00%(objectname)%00%(upstream:track) refs/heads/main refs/remotes/main [2ms]
[2022-02-26T17:09:36.972Z] > git for-each-ref --sort -committerdate --format %(refname) %(objectname) %(*objectname) [13ms]
[2022-02-26T17:09:36.973Z] > git remote --verbose [2ms]
[2022-02-26T17:09:37.010Z] > git config --get commit.template [2ms]
[2022-02-26T17:14:23.419Z] > git symbolic-ref --short HEAD [1ms]
[2022-02-26T17:14:23.437Z] > git for-each-ref --format=%(refname)%00%(upstream:short)%00%(objectname)%00%(upstream:track) refs/heads/main refs/remotes/main [2ms]
[2022-02-26T17:14:23.466Z] > git for-each-ref --sort -committerdate --format %(refname) %(objectname) %(*objectname) [14ms]
[2022-02-26T17:14:23.466Z] > git remote --verbose [1ms]
[2022-02-26T17:14:23.492Z] > git config --get commit.template [1ms]
[2022-02-26T17:14:24.101Z] > git log --format=%H%n%aN%n%aE%n%at%n%ct%n%P%n%B -z -n21 -- /home/smileeveryday/Javascript/javascript-lanjutan/main.js [11ms]
[2022-02-26T17:15:37.069Z] > git symbolic-ref --short HEAD [2ms]
[2022-02-26T17:15:37.092Z] > git for-each-ref --format=%(refname)%00%(upstream:short)%00%(objectname)%00%(upstream:track) refs/heads/main refs/remotes/main [4ms]
[2022-02-26T17:15:37.153Z] > git for-each-ref --sort -committerdate --format %(refname) %(objectname) %(*objectname) [43ms]
[2022-02-26T17:15:37.154Z] > git ls-files --stage -- /home/smileeveryday/Javascript/javascript-lanjutan/main.js [2ms]
[2022-02-26T17:15:37.172Z] > git remote --verbose [43ms]
[2022-02-26T17:15:37.223Z] > git cat-file -s b02d96859bd30409ac9b53224eb37fb8f92853ba [51ms]
[2022-02-26T17:15:37.229Z] > git config --get commit.template [7ms]
[2022-02-26T17:15:42.269Z] > git symbolic-ref --short HEAD [2ms]
[2022-02-26T17:15:42.285Z] > git for-each-ref --format=%(refname)%00%(upstream:short)%00%(objectname)%00%(upstream:track) refs/heads/main refs/remotes/main [3ms]
[2022-02-26T17:15:42.314Z] > git for-each-ref --sort -committerdate --format %(refname) %(objectname) %(*objectname) [16ms]
[2022-02-26T17:15:42.315Z] > git remote --verbose [2ms]
[2022-02-26T17:15:42.346Z] > git config --get commit.template [2ms]
